FILE_TYPE=LIBRARY_PARTS;
PRIMITIVE '647_25ABPE','647_25ABPE_Other';
  PIN
    '1':
      PIN_NUMBER='(1)';
      NO_LOAD_CHECK=BOTH;
      NO_IO_CHECK=BOTH;
      ALLOW_CONNECT=TRUE;
      PINUSE='UNSPEC';
    '2':
      PIN_NUMBER='(2)';
      NO_LOAD_CHECK=BOTH;
      NO_IO_CHECK=BOTH;
      ALLOW_CONNECT=TRUE;
      PINUSE='UNSPEC';
  END_PIN;
  BODY
    PART_NAME='647_25ABPE';
    PHYS_DES_PREFIX='H';
    NO_LOAD_CHECK='TRUE';
    PIN_COUNT='2';
    BODY_NAME='647_25ABPE';
    JEDEC_TYPE='64725ABPE';
  END_BODY;
END_PRIMITIVE;
END.
