FILE_TYPE=LIBRARY_PARTS;
PRIMITIVE '2929SQ_431GEC','2929SQ_431GEC_Other';
  PIN
    '1':
      PIN_NUMBER='(1)';
      NO_LOAD_CHECK=BOTH;
      NO_IO_CHECK=BOTH;
      ALLOW_CONNECT=TRUE;
      PINUSE='UNSPEC';
    '2':
      PIN_NUMBER='(2)';
      NO_LOAD_CHECK=BOTH;
      NO_IO_CHECK=BOTH;
      ALLOW_CONNECT=TRUE;
      PINUSE='UNSPEC';
  END_PIN;
  BODY
    PART_NAME='2929SQ_431GEC';
    PHYS_DES_PREFIX='L';
    NO_LOAD_CHECK='TRUE';
    PIN_COUNT='2';
    BODY_NAME='2929SQ_431GEC';
    JEDEC_TYPE='2929SQ431GEC';
  END_BODY;
END_PRIMITIVE;
END.
